  cg1-4.cpp
C:\github_local_repository\cg\CG_2023182006\cg_1-4\cg1-4.cpp(37,1): warning C4326: 'main'의 반환 형식이 'int'이어야 하는데 'void'입니다.
C:\github_local_repository\cg\CG_2023182006\cg_1-4\cg1-4.cpp(225,23): warning C4305: '+=': 'double'에서 'GLfloat'(으)로 잘립니다.
C:\github_local_repository\cg\CG_2023182006\cg_1-4\cg1-4.cpp(226,23): warning C4305: '+=': 'double'에서 'GLfloat'(으)로 잘립니다.
C:\github_local_repository\cg\CG_2023182006\cg_1-4\cg1-4.cpp(227,23): warning C4305: '+=': 'double'에서 'GLfloat'(으)로 잘립니다.
C:\github_local_repository\cg\CG_2023182006\cg_1-4\cg1-4.cpp(228,23): warning C4305: '+=': 'double'에서 'GLfloat'(으)로 잘립니다.
C:\github_local_repository\cg\CG_2023182006\cg_1-4\cg1-4.cpp(235,23): warning C4305: '-=': 'double'에서 'GLfloat'(으)로 잘립니다.
C:\github_local_repository\cg\CG_2023182006\cg_1-4\cg1-4.cpp(236,23): warning C4305: '-=': 'double'에서 'GLfloat'(으)로 잘립니다.
C:\github_local_repository\cg\CG_2023182006\cg_1-4\cg1-4.cpp(237,23): warning C4305: '+=': 'double'에서 'GLfloat'(으)로 잘립니다.
C:\github_local_repository\cg\CG_2023182006\cg_1-4\cg1-4.cpp(238,23): warning C4305: '+=': 'double'에서 'GLfloat'(으)로 잘립니다.
C:\github_local_repository\cg\CG_2023182006\cg_1-4\cg1-4.cpp(245,23): warning C4305: '-=': 'double'에서 'GLfloat'(으)로 잘립니다.
C:\github_local_repository\cg\CG_2023182006\cg_1-4\cg1-4.cpp(246,23): warning C4305: '-=': 'double'에서 'GLfloat'(으)로 잘립니다.
C:\github_local_repository\cg\CG_2023182006\cg_1-4\cg1-4.cpp(247,23): warning C4305: '-=': 'double'에서 'GLfloat'(으)로 잘립니다.
C:\github_local_repository\cg\CG_2023182006\cg_1-4\cg1-4.cpp(248,23): warning C4305: '-=': 'double'에서 'GLfloat'(으)로 잘립니다.
C:\github_local_repository\cg\CG_2023182006\cg_1-4\cg1-4.cpp(255,23): warning C4305: '+=': 'double'에서 'GLfloat'(으)로 잘립니다.
C:\github_local_repository\cg\CG_2023182006\cg_1-4\cg1-4.cpp(256,23): warning C4305: '+=': 'double'에서 'GLfloat'(으)로 잘립니다.
C:\github_local_repository\cg\CG_2023182006\cg_1-4\cg1-4.cpp(257,23): warning C4305: '-=': 'double'에서 'GLfloat'(으)로 잘립니다.
C:\github_local_repository\cg\CG_2023182006\cg_1-4\cg1-4.cpp(258,23): warning C4305: '-=': 'double'에서 'GLfloat'(으)로 잘립니다.
C:\github_local_repository\cg\CG_2023182006\cg_1-4\cg1-4.cpp(269,23): warning C4305: '+=': 'double'에서 'GLfloat'(으)로 잘립니다.
C:\github_local_repository\cg\CG_2023182006\cg_1-4\cg1-4.cpp(270,23): warning C4305: '+=': 'double'에서 'GLfloat'(으)로 잘립니다.
C:\github_local_repository\cg\CG_2023182006\cg_1-4\cg1-4.cpp(271,23): warning C4305: '+=': 'double'에서 'GLfloat'(으)로 잘립니다.
C:\github_local_repository\cg\CG_2023182006\cg_1-4\cg1-4.cpp(272,23): warning C4305: '+=': 'double'에서 'GLfloat'(으)로 잘립니다.
C:\github_local_repository\cg\CG_2023182006\cg_1-4\cg1-4.cpp(279,23): warning C4305: '-=': 'double'에서 'GLfloat'(으)로 잘립니다.
C:\github_local_repository\cg\CG_2023182006\cg_1-4\cg1-4.cpp(280,23): warning C4305: '-=': 'double'에서 'GLfloat'(으)로 잘립니다.
C:\github_local_repository\cg\CG_2023182006\cg_1-4\cg1-4.cpp(281,23): warning C4305: '+=': 'double'에서 'GLfloat'(으)로 잘립니다.
C:\github_local_repository\cg\CG_2023182006\cg_1-4\cg1-4.cpp(282,23): warning C4305: '+=': 'double'에서 'GLfloat'(으)로 잘립니다.
C:\github_local_repository\cg\CG_2023182006\cg_1-4\cg1-4.cpp(289,23): warning C4305: '-=': 'double'에서 'GLfloat'(으)로 잘립니다.
C:\github_local_repository\cg\CG_2023182006\cg_1-4\cg1-4.cpp(290,23): warning C4305: '-=': 'double'에서 'GLfloat'(으)로 잘립니다.
C:\github_local_repository\cg\CG_2023182006\cg_1-4\cg1-4.cpp(291,23): warning C4305: '-=': 'double'에서 'GLfloat'(으)로 잘립니다.
C:\github_local_repository\cg\CG_2023182006\cg_1-4\cg1-4.cpp(292,23): warning C4305: '-=': 'double'에서 'GLfloat'(으)로 잘립니다.
C:\github_local_repository\cg\CG_2023182006\cg_1-4\cg1-4.cpp(299,23): warning C4305: '+=': 'double'에서 'GLfloat'(으)로 잘립니다.
C:\github_local_repository\cg\CG_2023182006\cg_1-4\cg1-4.cpp(300,23): warning C4305: '+=': 'double'에서 'GLfloat'(으)로 잘립니다.
C:\github_local_repository\cg\CG_2023182006\cg_1-4\cg1-4.cpp(301,23): warning C4305: '-=': 'double'에서 'GLfloat'(으)로 잘립니다.
C:\github_local_repository\cg\CG_2023182006\cg_1-4\cg1-4.cpp(302,23): warning C4305: '-=': 'double'에서 'GLfloat'(으)로 잘립니다.
  cg_1-4.vcxproj -> C:\github_local_repository\cg\CG_2023182006\x64\Debug\cg_1-4.exe
